<?xml version="1.0" encoding="UTF-8"?>
<!-- Generated by org.testng.reporters.JUnitReportReporter -->
<testsuite hostname="LAPTOP-4PN0NPF7" failures="0" tests="2" name="org.example.TestCases" time="4.418" errors="0" timestamp="2025-07-13T19:42:24 IST" skipped="0">
  <testcase classname="org.example.TestCases" name="testGetPost" time="3.306"/>
  <testcase classname="org.example.TestCases" name="testInvalidPost" time="1.112"/>
</testsuite> <!-- org.example.TestCases -->
